{"/Users/daraartemenko/Desktop/frontend/quiz_app/src/App.tsx": {"path":"/Users/daraartemenko/Desktop/frontend/quiz_app/src/App.tsx","statementMap":{"0":{"start":{"line":5,"column":25},"end":{"line":9,"column":1}},"1":{"start":{"line":6,"column":4},"end":{"line":8,"column":7}},"2":{"start":{"line":6,"column":74},"end":{"line":8,"column":5}},"3":{"start":{"line":10,"column":24},"end":{"line":14,"column":1}},"4":{"start":{"line":11,"column":4},"end":{"line":13,"column":7}},"5":{"start":{"line":11,"column":72},"end":{"line":13,"column":5}},"6":{"start":{"line":15,"column":22},"end":{"line":19,"column":1}},"7":{"start":{"line":16,"column":4},"end":{"line":18,"column":7}},"8":{"start":{"line":16,"column":68},"end":{"line":18,"column":5}},"9":{"start":{"line":23,"column":21},"end":{"line":28,"column":1}},"10":{"start":{"line":30,"column":4},"end":{"line":39,"column":6}}},"fnMap":{"0":{"name":"(anonymous_0)","decl":{"start":{"line":5,"column":30},"end":{"line":5,"column":31}},"loc":{"start":{"line":6,"column":4},"end":{"line":8,"column":7}},"line":6},"1":{"name":"(anonymous_1)","decl":{"start":{"line":6,"column":61},"end":{"line":6,"column":62}},"loc":{"start":{"line":6,"column":74},"end":{"line":8,"column":5}},"line":6},"2":{"name":"(anonymous_2)","decl":{"start":{"line":10,"column":29},"end":{"line":10,"column":30}},"loc":{"start":{"line":11,"column":4},"end":{"line":13,"column":7}},"line":11},"3":{"name":"(anonymous_3)","decl":{"start":{"line":11,"column":59},"end":{"line":11,"column":60}},"loc":{"start":{"line":11,"column":72},"end":{"line":13,"column":5}},"line":11},"4":{"name":"(anonymous_4)","decl":{"start":{"line":15,"column":27},"end":{"line":15,"column":28}},"loc":{"start":{"line":16,"column":4},"end":{"line":18,"column":7}},"line":16},"5":{"name":"(anonymous_5)","decl":{"start":{"line":16,"column":55},"end":{"line":16,"column":56}},"loc":{"start":{"line":16,"column":68},"end":{"line":18,"column":5}},"line":16},"6":{"name":"App","decl":{"start":{"line":29,"column":9},"end":{"line":29,"column":12}},"loc":{"start":{"line":29,"column":15},"end":{"line":40,"column":1}},"line":29}},"branchMap":{},"s":{"0":2,"1":0,"2":0,"3":2,"4":0,"5":0,"6":2,"7":0,"8":0,"9":2,"10":0},"f":{"0":0,"1":0,"2":0,"3":0,"4":0,"5":0,"6":0},"b":{},"_coverageSchema":"1a1c01bbd47fc00a2c39e90264f33305004495a9","hash":"c420e4d762e91225037c3b030f0b3b0003592abc"}
,"/Users/daraartemenko/Desktop/frontend/quiz_app/src/main.tsx": {"path":"/Users/daraartemenko/Desktop/frontend/quiz_app/src/main.tsx","statementMap":{"0":{"start":{"line":10,"column":0},"end":{"line":20,"column":2}}},"fnMap":{},"branchMap":{},"s":{"0":0},"f":{},"b":{}}
,"/Users/daraartemenko/Desktop/frontend/quiz_app/src/vite-env.d.ts": {"path":"/Users/daraartemenko/Desktop/frontend/quiz_app/src/vite-env.d.ts","statementMap":{},"fnMap":{},"branchMap":{},"s":{},"f":{},"b":{}}
,"/Users/daraartemenko/Desktop/frontend/quiz_app/src/components/answerOptions/AnswerOptions.tsx": {"path":"/Users/daraartemenko/Desktop/frontend/quiz_app/src/components/answerOptions/AnswerOptions.tsx","statementMap":{"0":{"start":{"line":10,"column":52},"end":{"line":40,"column":1}},"1":{"start":{"line":16,"column":31},"end":{"line":18,"column":5}},"2":{"start":{"line":17,"column":8},"end":{"line":17,"column":31}},"3":{"start":{"line":20,"column":4},"end":{"line":39,"column":6}},"4":{"start":{"line":23,"column":16},"end":{"line":36,"column":22}},"5":{"start":{"line":32,"column":44},"end":{"line":32,"column":70}}},"fnMap":{"0":{"name":"(anonymous_0)","decl":{"start":{"line":10,"column":52},"end":{"line":10,"column":53}},"loc":{"start":{"line":15,"column":6},"end":{"line":40,"column":1}},"line":15},"1":{"name":"(anonymous_1)","decl":{"start":{"line":16,"column":31},"end":{"line":16,"column":32}},"loc":{"start":{"line":16,"column":51},"end":{"line":18,"column":5}},"line":16},"2":{"name":"(anonymous_2)","decl":{"start":{"line":22,"column":25},"end":{"line":22,"column":26}},"loc":{"start":{"line":23,"column":16},"end":{"line":36,"column":22}},"line":23},"3":{"name":"(anonymous_3)","decl":{"start":{"line":32,"column":38},"end":{"line":32,"column":39}},"loc":{"start":{"line":32,"column":44},"end":{"line":32,"column":70}},"line":32}},"branchMap":{"0":{"loc":{"start":{"line":30,"column":34},"end":{"line":30,"column":76}},"type":"cond-expr","locations":[{"start":{"line":30,"column":56},"end":{"line":30,"column":66}},{"start":{"line":30,"column":69},"end":{"line":30,"column":76}}],"line":30}},"s":{"0":1,"1":5,"2":2,"3":5,"4":15,"5":2},"f":{"0":5,"1":2,"2":15,"3":2},"b":{"0":[9,6]},"_coverageSchema":"1a1c01bbd47fc00a2c39e90264f33305004495a9","hash":"9e98e24502be94317baa2e78fa29803f2b9f7495"}
,"/Users/daraartemenko/Desktop/frontend/quiz_app/src/components/buttonMain/ButtonMain.tsx": {"path":"/Users/daraartemenko/Desktop/frontend/quiz_app/src/components/buttonMain/ButtonMain.tsx","statementMap":{"0":{"start":{"line":10,"column":42},"end":{"line":25,"column":1}},"1":{"start":{"line":16,"column":4},"end":{"line":24,"column":6}}},"fnMap":{"0":{"name":"(anonymous_0)","decl":{"start":{"line":10,"column":42},"end":{"line":10,"column":43}},"loc":{"start":{"line":15,"column":6},"end":{"line":25,"column":1}},"line":15}},"branchMap":{},"s":{"0":2,"1":0},"f":{"0":0},"b":{},"_coverageSchema":"1a1c01bbd47fc00a2c39e90264f33305004495a9","hash":"cbbd7403972fc02aea3f03c72f2aa18fdd545588"}
,"/Users/daraartemenko/Desktop/frontend/quiz_app/src/components/buttonSecondary/ButtonSecondary.tsx": {"path":"/Users/daraartemenko/Desktop/frontend/quiz_app/src/components/buttonSecondary/ButtonSecondary.tsx","statementMap":{"0":{"start":{"line":10,"column":47},"end":{"line":20,"column":1}},"1":{"start":{"line":11,"column":26},"end":{"line":14,"column":5}},"2":{"start":{"line":15,"column":4},"end":{"line":19,"column":6}}},"fnMap":{"0":{"name":"(anonymous_0)","decl":{"start":{"line":10,"column":47},"end":{"line":10,"column":48}},"loc":{"start":{"line":10,"column":79},"end":{"line":20,"column":1}},"line":10}},"branchMap":{},"s":{"0":2,"1":0,"2":0},"f":{"0":0},"b":{},"_coverageSchema":"1a1c01bbd47fc00a2c39e90264f33305004495a9","hash":"7b6450342e25d7db9608f4b49bc227dd8c82f088"}
,"/Users/daraartemenko/Desktop/frontend/quiz_app/src/components/loadingAnimation/LoadingAnimation.tsx": {"path":"/Users/daraartemenko/Desktop/frontend/quiz_app/src/components/loadingAnimation/LoadingAnimation.tsx","statementMap":{"0":{"start":{"line":3,"column":42},"end":{"line":24,"column":1}},"1":{"start":{"line":4,"column":4},"end":{"line":23,"column":6}}},"fnMap":{"0":{"name":"(anonymous_0)","decl":{"start":{"line":3,"column":42},"end":{"line":3,"column":43}},"loc":{"start":{"line":3,"column":48},"end":{"line":24,"column":1}},"line":3}},"branchMap":{},"s":{"0":2,"1":0},"f":{"0":0},"b":{},"_coverageSchema":"1a1c01bbd47fc00a2c39e90264f33305004495a9","hash":"ca236f99fab90de64c424722179ddc6f1f253723"}
,"/Users/daraartemenko/Desktop/frontend/quiz_app/src/components/modalWindow/ModalWindow.tsx": {"path":"/Users/daraartemenko/Desktop/frontend/quiz_app/src/components/modalWindow/ModalWindow.tsx","statementMap":{"0":{"start":{"line":10,"column":5},"end":{"line":37,"column":1}},"1":{"start":{"line":11,"column":4},"end":{"line":11,"column":29}},"2":{"start":{"line":11,"column":17},"end":{"line":11,"column":29}},"3":{"start":{"line":13,"column":4},"end":{"line":36,"column":6}}},"fnMap":{"0":{"name":"(anonymous_0)","decl":{"start":{"line":10,"column":5},"end":{"line":10,"column":6}},"loc":{"start":{"line":10,"column":52},"end":{"line":37,"column":1}},"line":10}},"branchMap":{"0":{"loc":{"start":{"line":11,"column":4},"end":{"line":11,"column":29}},"type":"if","locations":[{"start":{"line":11,"column":4},"end":{"line":11,"column":29}},{"start":{},"end":{}}],"line":11}},"s":{"0":0,"1":0,"2":0,"3":0},"f":{"0":0},"b":{"0":[0,0]}}
,"/Users/daraartemenko/Desktop/frontend/quiz_app/src/components/numberInput/NumberInput.tsx": {"path":"/Users/daraartemenko/Desktop/frontend/quiz_app/src/components/numberInput/NumberInput.tsx","statementMap":{"0":{"start":{"line":11,"column":48},"end":{"line":34,"column":1}},"1":{"start":{"line":18,"column":4},"end":{"line":33,"column":6}},"2":{"start":{"line":30,"column":33},"end":{"line":30,"column":57}}},"fnMap":{"0":{"name":"(anonymous_0)","decl":{"start":{"line":11,"column":48},"end":{"line":11,"column":49}},"loc":{"start":{"line":17,"column":6},"end":{"line":34,"column":1}},"line":17},"1":{"name":"(anonymous_1)","decl":{"start":{"line":30,"column":26},"end":{"line":30,"column":27}},"loc":{"start":{"line":30,"column":33},"end":{"line":30,"column":57}},"line":30}},"branchMap":{"0":{"loc":{"start":{"line":29,"column":23},"end":{"line":29,"column":34}},"type":"binary-expr","locations":[{"start":{"line":29,"column":23},"end":{"line":29,"column":28}},{"start":{"line":29,"column":32},"end":{"line":29,"column":34}}],"line":29}},"s":{"0":2,"1":0,"2":0},"f":{"0":0,"1":0},"b":{"0":[0,0]},"_coverageSchema":"1a1c01bbd47fc00a2c39e90264f33305004495a9","hash":"640895b736a31a6ca7067fad5d9499d906e21d75"}
,"/Users/daraartemenko/Desktop/frontend/quiz_app/src/components/progressBar/ProgressBar.tsx": {"path":"/Users/daraartemenko/Desktop/frontend/quiz_app/src/components/progressBar/ProgressBar.tsx","statementMap":{"0":{"start":{"line":8,"column":48},"end":{"line":27,"column":1}},"1":{"start":{"line":12,"column":21},"end":{"line":12,"column":64}},"2":{"start":{"line":14,"column":4},"end":{"line":26,"column":6}}},"fnMap":{"0":{"name":"(anonymous_0)","decl":{"start":{"line":8,"column":48},"end":{"line":8,"column":49}},"loc":{"start":{"line":11,"column":6},"end":{"line":27,"column":1}},"line":11}},"branchMap":{},"s":{"0":0,"1":0,"2":0},"f":{"0":0},"b":{}}
,"/Users/daraartemenko/Desktop/frontend/quiz_app/src/components/questions/Questions.tsx": {"path":"/Users/daraartemenko/Desktop/frontend/quiz_app/src/components/questions/Questions.tsx","statementMap":{"0":{"start":{"line":14,"column":42},"end":{"line":44,"column":1}},"1":{"start":{"line":21,"column":4},"end":{"line":43,"column":6}}},"fnMap":{"0":{"name":"(anonymous_0)","decl":{"start":{"line":14,"column":42},"end":{"line":14,"column":43}},"loc":{"start":{"line":20,"column":6},"end":{"line":44,"column":1}},"line":20}},"branchMap":{},"s":{"0":0,"1":0},"f":{"0":0},"b":{}}
,"/Users/daraartemenko/Desktop/frontend/quiz_app/src/components/quizForm/QuizForm.tsx": {"path":"/Users/daraartemenko/Desktop/frontend/quiz_app/src/components/quizForm/QuizForm.tsx","statementMap":{"0":{"start":{"line":20,"column":34},"end":{"line":109,"column":1}},"1":{"start":{"line":22,"column":8},"end":{"line":22,"column":51}},"2":{"start":{"line":22,"column":34},"end":{"line":22,"column":50}},"3":{"start":{"line":23,"column":21},"end":{"line":23,"column":37}},"4":{"start":{"line":24,"column":21},"end":{"line":24,"column":34}},"5":{"start":{"line":25,"column":33},"end":{"line":35,"column":5}},"6":{"start":{"line":37,"column":30},"end":{"line":43,"column":5}},"7":{"start":{"line":38,"column":8},"end":{"line":42,"column":10}},"8":{"start":{"line":40,"column":41},"end":{"line":40,"column":63}},"9":{"start":{"line":44,"column":25},"end":{"line":48,"column":5}},"10":{"start":{"line":45,"column":8},"end":{"line":45,"column":27}},"11":{"start":{"line":46,"column":8},"end":{"line":46,"column":30}},"12":{"start":{"line":47,"column":8},"end":{"line":47,"column":29}},"13":{"start":{"line":50,"column":4},"end":{"line":108,"column":6}},"14":{"start":{"line":58,"column":37},"end":{"line":58,"column":74}},"15":{"start":{"line":64,"column":48},"end":{"line":64,"column":70}},"16":{"start":{"line":66,"column":20},"end":{"line":66,"column":63}},"17":{"start":{"line":73,"column":48},"end":{"line":73,"column":73}},"18":{"start":{"line":77,"column":20},"end":{"line":77,"column":65}},"19":{"start":{"line":83,"column":41},"end":{"line":83,"column":57}},"20":{"start":{"line":84,"column":37},"end":{"line":84,"column":76}},"21":{"start":{"line":89,"column":41},"end":{"line":89,"column":57}},"22":{"start":{"line":90,"column":37},"end":{"line":90,"column":76}}},"fnMap":{"0":{"name":"(anonymous_0)","decl":{"start":{"line":20,"column":34},"end":{"line":20,"column":35}},"loc":{"start":{"line":20,"column":40},"end":{"line":109,"column":1}},"line":20},"1":{"name":"(anonymous_1)","decl":{"start":{"line":22,"column":23},"end":{"line":22,"column":24}},"loc":{"start":{"line":22,"column":34},"end":{"line":22,"column":50}},"line":22},"2":{"name":"(anonymous_2)","decl":{"start":{"line":37,"column":30},"end":{"line":37,"column":31}},"loc":{"start":{"line":37,"column":36},"end":{"line":43,"column":5}},"line":37},"3":{"name":"(anonymous_3)","decl":{"start":{"line":40,"column":32},"end":{"line":40,"column":33}},"loc":{"start":{"line":40,"column":41},"end":{"line":40,"column":63}},"line":40},"4":{"name":"(anonymous_4)","decl":{"start":{"line":44,"column":25},"end":{"line":44,"column":26}},"loc":{"start":{"line":44,"column":49},"end":{"line":48,"column":5}},"line":44},"5":{"name":"(anonymous_5)","decl":{"start":{"line":58,"column":26},"end":{"line":58,"column":27}},"loc":{"start":{"line":58,"column":37},"end":{"line":58,"column":74}},"line":58},"6":{"name":"(anonymous_6)","decl":{"start":{"line":64,"column":39},"end":{"line":64,"column":40}},"loc":{"start":{"line":64,"column":48},"end":{"line":64,"column":70}},"line":64},"7":{"name":"(anonymous_7)","decl":{"start":{"line":65,"column":26},"end":{"line":65,"column":27}},"loc":{"start":{"line":66,"column":20},"end":{"line":66,"column":63}},"line":66},"8":{"name":"(anonymous_8)","decl":{"start":{"line":73,"column":38},"end":{"line":73,"column":39}},"loc":{"start":{"line":73,"column":48},"end":{"line":73,"column":73}},"line":73},"9":{"name":"(anonymous_9)","decl":{"start":{"line":76,"column":26},"end":{"line":76,"column":27}},"loc":{"start":{"line":77,"column":20},"end":{"line":77,"column":65}},"line":77},"10":{"name":"(anonymous_10)","decl":{"start":{"line":83,"column":34},"end":{"line":83,"column":35}},"loc":{"start":{"line":83,"column":41},"end":{"line":83,"column":57}},"line":83},"11":{"name":"(anonymous_11)","decl":{"start":{"line":84,"column":26},"end":{"line":84,"column":27}},"loc":{"start":{"line":84,"column":37},"end":{"line":84,"column":76}},"line":84},"12":{"name":"(anonymous_12)","decl":{"start":{"line":89,"column":34},"end":{"line":89,"column":35}},"loc":{"start":{"line":89,"column":41},"end":{"line":89,"column":57}},"line":89},"13":{"name":"(anonymous_13)","decl":{"start":{"line":90,"column":26},"end":{"line":90,"column":27}},"loc":{"start":{"line":90,"column":37},"end":{"line":90,"column":76}},"line":90}},"branchMap":{"0":{"loc":{"start":{"line":33,"column":18},"end":{"line":33,"column":73}},"type":"binary-expr","locations":[{"start":{"line":33,"column":18},"end":{"line":33,"column":36}},{"start":{"line":33,"column":40},"end":{"line":33,"column":49}},{"start":{"line":33,"column":53},"end":{"line":33,"column":64}},{"start":{"line":33,"column":68},"end":{"line":33,"column":73}}],"line":33},"1":{"loc":{"start":{"line":40,"column":16},"end":{"line":40,"column":77}},"type":"binary-expr","locations":[{"start":{"line":40,"column":16},"end":{"line":40,"column":71}},{"start":{"line":40,"column":75},"end":{"line":40,"column":77}}],"line":40},"2":{"loc":{"start":{"line":64,"column":23},"end":{"line":64,"column":79}},"type":"binary-expr","locations":[{"start":{"line":64,"column":23},"end":{"line":64,"column":71}},{"start":{"line":64,"column":75},"end":{"line":64,"column":79}}],"line":64},"3":{"loc":{"start":{"line":66,"column":41},"end":{"line":66,"column":61}},"type":"binary-expr","locations":[{"start":{"line":66,"column":41},"end":{"line":66,"column":53}},{"start":{"line":66,"column":57},"end":{"line":66,"column":61}}],"line":66},"4":{"loc":{"start":{"line":73,"column":20},"end":{"line":74,"column":24}},"type":"binary-expr","locations":[{"start":{"line":73,"column":20},"end":{"line":73,"column":74}},{"start":{"line":74,"column":20},"end":{"line":74,"column":24}}],"line":73},"5":{"loc":{"start":{"line":77,"column":43},"end":{"line":77,"column":63}},"type":"binary-expr","locations":[{"start":{"line":77,"column":43},"end":{"line":77,"column":55}},{"start":{"line":77,"column":59},"end":{"line":77,"column":63}}],"line":77},"6":{"loc":{"start":{"line":83,"column":23},"end":{"line":83,"column":66}},"type":"binary-expr","locations":[{"start":{"line":83,"column":23},"end":{"line":83,"column":58}},{"start":{"line":83,"column":62},"end":{"line":83,"column":66}}],"line":83},"7":{"loc":{"start":{"line":84,"column":54},"end":{"line":84,"column":74}},"type":"binary-expr","locations":[{"start":{"line":84,"column":54},"end":{"line":84,"column":66}},{"start":{"line":84,"column":70},"end":{"line":84,"column":74}}],"line":84},"8":{"loc":{"start":{"line":89,"column":23},"end":{"line":89,"column":66}},"type":"binary-expr","locations":[{"start":{"line":89,"column":23},"end":{"line":89,"column":58}},{"start":{"line":89,"column":62},"end":{"line":89,"column":66}}],"line":89},"9":{"loc":{"start":{"line":90,"column":54},"end":{"line":90,"column":74}},"type":"binary-expr","locations":[{"start":{"line":90,"column":54},"end":{"line":90,"column":66}},{"start":{"line":90,"column":70},"end":{"line":90,"column":74}}],"line":90},"10":{"loc":{"start":{"line":96,"column":23},"end":{"line":96,"column":62}},"type":"cond-expr","locations":[{"start":{"line":96,"column":35},"end":{"line":96,"column":47}},{"start":{"line":96,"column":50},"end":{"line":96,"column":62}}],"line":96},"11":{"loc":{"start":{"line":97,"column":26},"end":{"line":97,"column":48}},"type":"binary-expr","locations":[{"start":{"line":97,"column":26},"end":{"line":97,"column":37}},{"start":{"line":97,"column":41},"end":{"line":97,"column":48}}],"line":97},"12":{"loc":{"start":{"line":100,"column":13},"end":{"line":106,"column":13}},"type":"binary-expr","locations":[{"start":{"line":100,"column":13},"end":{"line":100,"column":18}},{"start":{"line":101,"column":16},"end":{"line":105,"column":20}}],"line":100}},"s":{"0":2,"1":0,"2":0,"3":0,"4":0,"5":0,"6":0,"7":0,"8":0,"9":0,"10":0,"11":0,"12":0,"13":0,"14":0,"15":0,"16":0,"17":0,"18":0,"19":0,"20":0,"21":0,"22":0},"f":{"0":0,"1":0,"2":0,"3":0,"4":0,"5":0,"6":0,"7":0,"8":0,"9":0,"10":0,"11":0,"12":0,"13":0},"b":{"0":[0,0,0,0],"1":[0,0],"2":[0,0],"3":[0,0],"4":[0,0],"5":[0,0],"6":[0,0],"7":[0,0],"8":[0,0],"9":[0,0],"10":[0,0],"11":[0,0],"12":[0,0]},"_coverageSchema":"1a1c01bbd47fc00a2c39e90264f33305004495a9","hash":"6d3c5214509c5750409161a68dd49c91609c0373"}
,"/Users/daraartemenko/Desktop/frontend/quiz_app/src/components/quizResults/QuizResults.tsx": {"path":"/Users/daraartemenko/Desktop/frontend/quiz_app/src/components/quizResults/QuizResults.tsx","statementMap":{"0":{"start":{"line":10,"column":28},"end":{"line":16,"column":1}},"1":{"start":{"line":11,"column":4},"end":{"line":11,"column":34}},"2":{"start":{"line":11,"column":20},"end":{"line":11,"column":34}},"3":{"start":{"line":12,"column":22},"end":{"line":12,"column":44}},"4":{"start":{"line":13,"column":20},"end":{"line":13,"column":49}},"5":{"start":{"line":14,"column":20},"end":{"line":14,"column":59}},"6":{"start":{"line":15,"column":4},"end":{"line":15,"column":52}},"7":{"start":{"line":18,"column":37},"end":{"line":105,"column":1}},"8":{"start":{"line":19,"column":21},"end":{"line":19,"column":37}},"9":{"start":{"line":21,"column":8},"end":{"line":21,"column":51}},"10":{"start":{"line":21,"column":34},"end":{"line":21,"column":50}},"11":{"start":{"line":22,"column":42},"end":{"line":24,"column":5}},"12":{"start":{"line":23,"column":19},"end":{"line":23,"column":37}},"13":{"start":{"line":26,"column":22},"end":{"line":26,"column":45}},"14":{"start":{"line":28,"column":21},"end":{"line":28,"column":34}},"15":{"start":{"line":30,"column":24},"end":{"line":55,"column":5}},"16":{"start":{"line":31,"column":8},"end":{"line":38,"column":10}},"17":{"start":{"line":39,"column":8},"end":{"line":46,"column":10}},"18":{"start":{"line":47,"column":8},"end":{"line":54,"column":10}},"19":{"start":{"line":57,"column":22},"end":{"line":62,"column":5}},"20":{"start":{"line":58,"column":8},"end":{"line":58,"column":22}},"21":{"start":{"line":59,"column":8},"end":{"line":59,"column":34}},"22":{"start":{"line":60,"column":8},"end":{"line":60,"column":30}},"23":{"start":{"line":61,"column":8},"end":{"line":61,"column":29}},"24":{"start":{"line":64,"column":28},"end":{"line":69,"column":5}},"25":{"start":{"line":65,"column":8},"end":{"line":65,"column":22}},"26":{"start":{"line":66,"column":8},"end":{"line":66,"column":36}},"27":{"start":{"line":67,"column":8},"end":{"line":67,"column":34}},"28":{"start":{"line":68,"column":8},"end":{"line":68,"column":35}},"29":{"start":{"line":71,"column":4},"end":{"line":104,"column":6}}},"fnMap":{"0":{"name":"(anonymous_0)","decl":{"start":{"line":10,"column":28},"end":{"line":10,"column":29}},"loc":{"start":{"line":10,"column":58},"end":{"line":16,"column":1}},"line":10},"1":{"name":"(anonymous_1)","decl":{"start":{"line":18,"column":37},"end":{"line":18,"column":38}},"loc":{"start":{"line":18,"column":43},"end":{"line":105,"column":1}},"line":18},"2":{"name":"(anonymous_2)","decl":{"start":{"line":21,"column":23},"end":{"line":21,"column":24}},"loc":{"start":{"line":21,"column":34},"end":{"line":21,"column":50}},"line":21},"3":{"name":"(anonymous_3)","decl":{"start":{"line":23,"column":8},"end":{"line":23,"column":9}},"loc":{"start":{"line":23,"column":19},"end":{"line":23,"column":37}},"line":23},"4":{"name":"(anonymous_4)","decl":{"start":{"line":30,"column":24},"end":{"line":30,"column":25}},"loc":{"start":{"line":30,"column":30},"end":{"line":55,"column":5}},"line":30},"5":{"name":"(anonymous_5)","decl":{"start":{"line":57,"column":22},"end":{"line":57,"column":23}},"loc":{"start":{"line":57,"column":28},"end":{"line":62,"column":5}},"line":57},"6":{"name":"(anonymous_6)","decl":{"start":{"line":64,"column":28},"end":{"line":64,"column":29}},"loc":{"start":{"line":64,"column":34},"end":{"line":69,"column":5}},"line":64}},"branchMap":{"0":{"loc":{"start":{"line":11,"column":4},"end":{"line":11,"column":34}},"type":"if","locations":[{"start":{"line":11,"column":4},"end":{"line":11,"column":34}},{"start":{},"end":{}}],"line":11},"1":{"loc":{"start":{"line":34,"column":21},"end":{"line":34,"column":39}},"type":"binary-expr","locations":[{"start":{"line":34,"column":21},"end":{"line":34,"column":33}},{"start":{"line":34,"column":37},"end":{"line":34,"column":39}}],"line":34},"2":{"loc":{"start":{"line":35,"column":26},"end":{"line":35,"column":48}},"type":"binary-expr","locations":[{"start":{"line":35,"column":26},"end":{"line":35,"column":43}},{"start":{"line":35,"column":47},"end":{"line":35,"column":48}}],"line":35},"3":{"loc":{"start":{"line":42,"column":21},"end":{"line":42,"column":37}},"type":"binary-expr","locations":[{"start":{"line":42,"column":21},"end":{"line":42,"column":31}},{"start":{"line":42,"column":35},"end":{"line":42,"column":37}}],"line":42},"4":{"loc":{"start":{"line":43,"column":26},"end":{"line":43,"column":48}},"type":"binary-expr","locations":[{"start":{"line":43,"column":26},"end":{"line":43,"column":43}},{"start":{"line":43,"column":47},"end":{"line":43,"column":48}}],"line":43},"5":{"loc":{"start":{"line":50,"column":21},"end":{"line":50,"column":31}},"type":"binary-expr","locations":[{"start":{"line":50,"column":21},"end":{"line":50,"column":25}},{"start":{"line":50,"column":29},"end":{"line":50,"column":31}}],"line":50},"6":{"loc":{"start":{"line":51,"column":26},"end":{"line":51,"column":48}},"type":"binary-expr","locations":[{"start":{"line":51,"column":26},"end":{"line":51,"column":43}},{"start":{"line":51,"column":47},"end":{"line":51,"column":48}}],"line":51}},"s":{"0":1,"1":2,"2":1,"3":1,"4":1,"5":1,"6":1,"7":1,"8":0,"9":0,"10":0,"11":0,"12":0,"13":0,"14":0,"15":0,"16":0,"17":0,"18":0,"19":0,"20":0,"21":0,"22":0,"23":0,"24":0,"25":0,"26":0,"27":0,"28":0,"29":0},"f":{"0":2,"1":0,"2":0,"3":0,"4":0,"5":0,"6":0},"b":{"0":[1,1],"1":[0,0],"2":[0,0],"3":[0,0],"4":[0,0],"5":[0,0],"6":[0,0]},"_coverageSchema":"1a1c01bbd47fc00a2c39e90264f33305004495a9","hash":"0b8b7268879ec09dd13778027960931315535d19"}
,"/Users/daraartemenko/Desktop/frontend/quiz_app/src/components/resultRow/ResultRow.tsx": {"path":"/Users/daraartemenko/Desktop/frontend/quiz_app/src/components/resultRow/ResultRow.tsx","statementMap":{"0":{"start":{"line":5,"column":51},"end":{"line":12,"column":1}},"1":{"start":{"line":6,"column":4},"end":{"line":11,"column":6}}},"fnMap":{"0":{"name":"(anonymous_0)","decl":{"start":{"line":5,"column":51},"end":{"line":5,"column":52}},"loc":{"start":{"line":5,"column":71},"end":{"line":12,"column":1}},"line":5}},"branchMap":{},"s":{"0":1,"1":0},"f":{"0":0},"b":{},"_coverageSchema":"1a1c01bbd47fc00a2c39e90264f33305004495a9","hash":"089a11b6fc1e171116a8e623de2451f4b9069efa"}
,"/Users/daraartemenko/Desktop/frontend/quiz_app/src/components/selectInput/SelectInput.tsx": {"path":"/Users/daraartemenko/Desktop/frontend/quiz_app/src/components/selectInput/SelectInput.tsx","statementMap":{"0":{"start":{"line":16,"column":48},"end":{"line":47,"column":1}},"1":{"start":{"line":22,"column":4},"end":{"line":46,"column":6}},"2":{"start":{"line":31,"column":35},"end":{"line":39,"column":17}},"3":{"start":{"line":43,"column":53},"end":{"line":43,"column":69}}},"fnMap":{"0":{"name":"(anonymous_0)","decl":{"start":{"line":16,"column":48},"end":{"line":16,"column":49}},"loc":{"start":{"line":21,"column":6},"end":{"line":47,"column":1}},"line":21},"1":{"name":"(anonymous_1)","decl":{"start":{"line":31,"column":23},"end":{"line":31,"column":24}},"loc":{"start":{"line":31,"column":35},"end":{"line":39,"column":17}},"line":31},"2":{"name":"(anonymous_2)","decl":{"start":{"line":43,"column":26},"end":{"line":43,"column":27}},"loc":{"start":{"line":43,"column":53},"end":{"line":43,"column":69}},"line":43}},"branchMap":{},"s":{"0":2,"1":0,"2":0,"3":0},"f":{"0":0,"1":0,"2":0},"b":{},"_coverageSchema":"1a1c01bbd47fc00a2c39e90264f33305004495a9","hash":"c472fc72d597128275c1a3705338fc7da7aefe47"}
,"/Users/daraartemenko/Desktop/frontend/quiz_app/src/components/statistics/Statistics.tsx": {"path":"/Users/daraartemenko/Desktop/frontend/quiz_app/src/components/statistics/Statistics.tsx","statementMap":{"0":{"start":{"line":5,"column":36},"end":{"line":48,"column":1}},"1":{"start":{"line":15,"column":8},"end":{"line":15,"column":46}},"2":{"start":{"line":15,"column":34},"end":{"line":15,"column":45}},"3":{"start":{"line":16,"column":4},"end":{"line":47,"column":6}}},"fnMap":{"0":{"name":"(anonymous_0)","decl":{"start":{"line":5,"column":36},"end":{"line":5,"column":37}},"loc":{"start":{"line":5,"column":42},"end":{"line":48,"column":1}},"line":5},"1":{"name":"(anonymous_1)","decl":{"start":{"line":15,"column":23},"end":{"line":15,"column":24}},"loc":{"start":{"line":15,"column":34},"end":{"line":15,"column":45}},"line":15}},"branchMap":{},"s":{"0":0,"1":0,"2":0,"3":0},"f":{"0":0,"1":0},"b":{}}
,"/Users/daraartemenko/Desktop/frontend/quiz_app/src/components/statsBlock/StatsBlock.tsx": {"path":"/Users/daraartemenko/Desktop/frontend/quiz_app/src/components/statsBlock/StatsBlock.tsx","statementMap":{"0":{"start":{"line":11,"column":53},"end":{"line":34,"column":1}},"1":{"start":{"line":16,"column":4},"end":{"line":33,"column":6}},"2":{"start":{"line":21,"column":20},"end":{"line":29,"column":24}}},"fnMap":{"0":{"name":"(anonymous_0)","decl":{"start":{"line":11,"column":53},"end":{"line":11,"column":54}},"loc":{"start":{"line":15,"column":6},"end":{"line":34,"column":1}},"line":15},"1":{"name":"(anonymous_1)","decl":{"start":{"line":20,"column":47},"end":{"line":20,"column":48}},"loc":{"start":{"line":21,"column":20},"end":{"line":29,"column":24}},"line":21}},"branchMap":{},"s":{"0":0,"1":0,"2":0},"f":{"0":0,"1":0},"b":{}}
,"/Users/daraartemenko/Desktop/frontend/quiz_app/src/components/timer/Timer.tsx": {"path":"/Users/daraartemenko/Desktop/frontend/quiz_app/src/components/timer/Timer.tsx","statementMap":{"0":{"start":{"line":8,"column":36},"end":{"line":37,"column":1}},"1":{"start":{"line":9,"column":46},"end":{"line":9,"column":63}},"2":{"start":{"line":11,"column":4},"end":{"line":26,"column":25}},"3":{"start":{"line":12,"column":36},"end":{"line":19,"column":9}},"4":{"start":{"line":13,"column":28},"end":{"line":13,"column":49}},"5":{"start":{"line":14,"column":28},"end":{"line":14,"column":37}},"6":{"start":{"line":15,"column":12},"end":{"line":15,"column":72}},"7":{"start":{"line":16,"column":12},"end":{"line":18,"column":13}},"8":{"start":{"line":17,"column":16},"end":{"line":17,"column":27}},"9":{"start":{"line":21,"column":25},"end":{"line":21,"column":63}},"10":{"start":{"line":23,"column":8},"end":{"line":23,"column":30}},"11":{"start":{"line":25,"column":8},"end":{"line":25,"column":45}},"12":{"start":{"line":25,"column":21},"end":{"line":25,"column":44}},"13":{"start":{"line":28,"column":20},"end":{"line":30,"column":5}},"14":{"start":{"line":29,"column":8},"end":{"line":29,"column":47}},"15":{"start":{"line":32,"column":4},"end":{"line":36,"column":6}}},"fnMap":{"0":{"name":"(anonymous_0)","decl":{"start":{"line":8,"column":36},"end":{"line":8,"column":37}},"loc":{"start":{"line":8,"column":60},"end":{"line":37,"column":1}},"line":8},"1":{"name":"(anonymous_1)","decl":{"start":{"line":11,"column":14},"end":{"line":11,"column":15}},"loc":{"start":{"line":11,"column":20},"end":{"line":26,"column":5}},"line":11},"2":{"name":"(anonymous_2)","decl":{"start":{"line":12,"column":36},"end":{"line":12,"column":37}},"loc":{"start":{"line":12,"column":42},"end":{"line":19,"column":9}},"line":12},"3":{"name":"(anonymous_3)","decl":{"start":{"line":25,"column":15},"end":{"line":25,"column":16}},"loc":{"start":{"line":25,"column":21},"end":{"line":25,"column":44}},"line":25},"4":{"name":"(anonymous_4)","decl":{"start":{"line":28,"column":20},"end":{"line":28,"column":21}},"loc":{"start":{"line":28,"column":37},"end":{"line":30,"column":5}},"line":28}},"branchMap":{"0":{"loc":{"start":{"line":16,"column":12},"end":{"line":18,"column":13}},"type":"if","locations":[{"start":{"line":16,"column":12},"end":{"line":18,"column":13}},{"start":{},"end":{}}],"line":16}},"s":{"0":1,"1":5,"2":5,"3":3,"4":3,"5":3,"6":3,"7":3,"8":1,"9":3,"10":3,"11":3,"12":3,"13":5,"14":6,"15":5},"f":{"0":5,"1":3,"2":3,"3":3,"4":6},"b":{"0":[1,2]},"_coverageSchema":"1a1c01bbd47fc00a2c39e90264f33305004495a9","hash":"1e23dda71c6a817b1f69d2a7c5ce00ff633ee73a"}
,"/Users/daraartemenko/Desktop/frontend/quiz_app/src/components/totalStatsBlock/totalStatsBlock.tsx": {"path":"/Users/daraartemenko/Desktop/frontend/quiz_app/src/components/totalStatsBlock/totalStatsBlock.tsx","statementMap":{"0":{"start":{"line":4,"column":63},"end":{"line":15,"column":1}},"1":{"start":{"line":7,"column":4},"end":{"line":14,"column":6}}},"fnMap":{"0":{"name":"(anonymous_0)","decl":{"start":{"line":4,"column":63},"end":{"line":4,"column":64}},"loc":{"start":{"line":6,"column":6},"end":{"line":15,"column":1}},"line":6}},"branchMap":{},"s":{"0":0,"1":0},"f":{"0":0},"b":{}}
,"/Users/daraartemenko/Desktop/frontend/quiz_app/src/constants/animation.tsx": {"path":"/Users/daraartemenko/Desktop/frontend/quiz_app/src/constants/animation.tsx","statementMap":{"0":{"start":{"line":1,"column":33},"end":{"line":7,"column":1}},"1":{"start":{"line":9,"column":27},"end":{"line":22,"column":1}}},"fnMap":{},"branchMap":{},"s":{"0":2,"1":2},"f":{},"b":{},"_coverageSchema":"1a1c01bbd47fc00a2c39e90264f33305004495a9","hash":"56a2bfcd9186eb0bfbd5049a6dd1992d2c2fe999"}
,"/Users/daraartemenko/Desktop/frontend/quiz_app/src/data/constants.ts": {"path":"/Users/daraartemenko/Desktop/frontend/quiz_app/src/data/constants.ts","statementMap":{"0":{"start":{"line":5,"column":36},"end":{"line":20,"column":1}},"1":{"start":{"line":22,"column":38},"end":{"line":26,"column":1}},"2":{"start":{"line":28,"column":31},"end":{"line":31,"column":1}},"3":{"start":{"line":33,"column":31},"end":{"line":37,"column":1}}},"fnMap":{},"branchMap":{},"s":{"0":2,"1":2,"2":2,"3":2},"f":{},"b":{},"_coverageSchema":"1a1c01bbd47fc00a2c39e90264f33305004495a9","hash":"6493de202ad0ddbcd0a2bcce0bba5ffad386ab4c"}
,"/Users/daraartemenko/Desktop/frontend/quiz_app/src/features/quizConfigSlice.ts": {"path":"/Users/daraartemenko/Desktop/frontend/quiz_app/src/features/quizConfigSlice.ts","statementMap":{"0":{"start":{"line":12,"column":38},"end":{"line":19,"column":1}},"1":{"start":{"line":21,"column":31},"end":{"line":51,"column":2}},"2":{"start":{"line":26,"column":12},"end":{"line":26,"column":53}},"3":{"start":{"line":29,"column":12},"end":{"line":29,"column":44}},"4":{"start":{"line":32,"column":12},"end":{"line":32,"column":48}},"5":{"start":{"line":35,"column":12},"end":{"line":35,"column":46}},"6":{"start":{"line":38,"column":12},"end":{"line":38,"column":40}},"7":{"start":{"line":41,"column":12},"end":{"line":41,"column":40}},"8":{"start":{"line":44,"column":12},"end":{"line":44,"column":42}},"9":{"start":{"line":45,"column":12},"end":{"line":45,"column":34}},"10":{"start":{"line":46,"column":12},"end":{"line":46,"column":36}},"11":{"start":{"line":47,"column":12},"end":{"line":47,"column":30}},"12":{"start":{"line":48,"column":12},"end":{"line":48,"column":30}},"13":{"start":{"line":61,"column":4},"end":{"line":61,"column":27}}},"fnMap":{"0":{"name":"(anonymous_0)","decl":{"start":{"line":25,"column":30},"end":{"line":25,"column":31}},"loc":{"start":{"line":25,"column":49},"end":{"line":27,"column":9}},"line":25},"1":{"name":"(anonymous_1)","decl":{"start":{"line":28,"column":21},"end":{"line":28,"column":22}},"loc":{"start":{"line":28,"column":40},"end":{"line":30,"column":9}},"line":28},"2":{"name":"(anonymous_2)","decl":{"start":{"line":31,"column":25},"end":{"line":31,"column":26}},"loc":{"start":{"line":31,"column":44},"end":{"line":33,"column":9}},"line":31},"3":{"name":"(anonymous_3)","decl":{"start":{"line":34,"column":23},"end":{"line":34,"column":24}},"loc":{"start":{"line":34,"column":42},"end":{"line":36,"column":9}},"line":34},"4":{"name":"(anonymous_4)","decl":{"start":{"line":37,"column":17},"end":{"line":37,"column":18}},"loc":{"start":{"line":37,"column":36},"end":{"line":39,"column":9}},"line":37},"5":{"name":"(anonymous_5)","decl":{"start":{"line":40,"column":17},"end":{"line":40,"column":18}},"loc":{"start":{"line":40,"column":36},"end":{"line":42,"column":9}},"line":40},"6":{"name":"(anonymous_6)","decl":{"start":{"line":43,"column":25},"end":{"line":43,"column":26}},"loc":{"start":{"line":43,"column":36},"end":{"line":49,"column":9}},"line":43}},"branchMap":{},"s":{"0":2,"1":2,"2":0,"3":0,"4":0,"5":0,"6":0,"7":0,"8":0,"9":0,"10":0,"11":0,"12":0,"13":2},"f":{"0":0,"1":0,"2":0,"3":0,"4":0,"5":0,"6":0},"b":{},"_coverageSchema":"1a1c01bbd47fc00a2c39e90264f33305004495a9","hash":"0e30d61787ab50c33d682e6617df4f0e9e376b9e"}
,"/Users/daraartemenko/Desktop/frontend/quiz_app/src/features/quizQuestionSlice.ts": {"path":"/Users/daraartemenko/Desktop/frontend/quiz_app/src/features/quizQuestionSlice.ts","statementMap":{"0":{"start":{"line":11,"column":40},"end":{"line":17,"column":1}},"1":{"start":{"line":18,"column":33},"end":{"line":48,"column":2}},"2":{"start":{"line":23,"column":12},"end":{"line":23,"column":41}},"3":{"start":{"line":26,"column":12},"end":{"line":26,"column":45}},"4":{"start":{"line":29,"column":12},"end":{"line":29,"column":46}},"5":{"start":{"line":32,"column":36},"end":{"line":32,"column":79}},"6":{"start":{"line":33,"column":12},"end":{"line":35,"column":13}},"7":{"start":{"line":34,"column":16},"end":{"line":34,"column":42}},"8":{"start":{"line":38,"column":12},"end":{"line":38,"column":44}},"9":{"start":{"line":39,"column":12},"end":{"line":39,"column":36}},"10":{"start":{"line":42,"column":12},"end":{"line":42,"column":33}},"11":{"start":{"line":43,"column":12},"end":{"line":43,"column":43}},"12":{"start":{"line":44,"column":12},"end":{"line":44,"column":36}},"13":{"start":{"line":45,"column":12},"end":{"line":45,"column":37}},"14":{"start":{"line":56,"column":4},"end":{"line":56,"column":29}}},"fnMap":{"0":{"name":"(anonymous_0)","decl":{"start":{"line":22,"column":19},"end":{"line":22,"column":20}},"loc":{"start":{"line":22,"column":30},"end":{"line":24,"column":9}},"line":22},"1":{"name":"(anonymous_1)","decl":{"start":{"line":25,"column":22},"end":{"line":25,"column":23}},"loc":{"start":{"line":25,"column":41},"end":{"line":27,"column":9}},"line":25},"2":{"name":"(anonymous_2)","decl":{"start":{"line":28,"column":23},"end":{"line":28,"column":24}},"loc":{"start":{"line":28,"column":42},"end":{"line":30,"column":9}},"line":28},"3":{"name":"(anonymous_3)","decl":{"start":{"line":31,"column":21},"end":{"line":31,"column":22}},"loc":{"start":{"line":31,"column":32},"end":{"line":36,"column":9}},"line":31},"4":{"name":"(anonymous_4)","decl":{"start":{"line":37,"column":26},"end":{"line":37,"column":27}},"loc":{"start":{"line":37,"column":37},"end":{"line":40,"column":9}},"line":37},"5":{"name":"(anonymous_5)","decl":{"start":{"line":41,"column":23},"end":{"line":41,"column":24}},"loc":{"start":{"line":41,"column":34},"end":{"line":46,"column":9}},"line":41}},"branchMap":{"0":{"loc":{"start":{"line":33,"column":12},"end":{"line":35,"column":13}},"type":"if","locations":[{"start":{"line":33,"column":12},"end":{"line":35,"column":13}},{"start":{},"end":{}}],"line":33}},"s":{"0":1,"1":1,"2":0,"3":0,"4":0,"5":0,"6":0,"7":0,"8":0,"9":0,"10":0,"11":0,"12":0,"13":0,"14":1},"f":{"0":0,"1":0,"2":0,"3":0,"4":0,"5":0},"b":{"0":[0,0]},"_coverageSchema":"1a1c01bbd47fc00a2c39e90264f33305004495a9","hash":"09d5ae8e796d1c5f16464cb44f0688e967298042"}
,"/Users/daraartemenko/Desktop/frontend/quiz_app/src/features/statsSlice.ts": {"path":"/Users/daraartemenko/Desktop/frontend/quiz_app/src/features/statsSlice.ts","statementMap":{"0":{"start":{"line":18,"column":29},"end":{"line":27,"column":1}},"1":{"start":{"line":29,"column":26},"end":{"line":56,"column":2}},"2":{"start":{"line":42,"column":58},"end":{"line":42,"column":72}},"3":{"start":{"line":44,"column":12},"end":{"line":44,"column":49}},"4":{"start":{"line":45,"column":12},"end":{"line":45,"column":56}},"5":{"start":{"line":47,"column":12},"end":{"line":53,"column":13}},"6":{"start":{"line":48,"column":16},"end":{"line":48,"column":64}},"7":{"start":{"line":49,"column":16},"end":{"line":49,"column":72}},"8":{"start":{"line":51,"column":16},"end":{"line":51,"column":63}},"9":{"start":{"line":52,"column":16},"end":{"line":52,"column":71}},"10":{"start":{"line":58,"column":34},"end":{"line":58,"column":52}}},"fnMap":{"0":{"name":"(anonymous_0)","decl":{"start":{"line":33,"column":24},"end":{"line":33,"column":25}},"loc":{"start":{"line":41,"column":13},"end":{"line":54,"column":9}},"line":41}},"branchMap":{"0":{"loc":{"start":{"line":47,"column":12},"end":{"line":53,"column":13}},"type":"if","locations":[{"start":{"line":47,"column":12},"end":{"line":53,"column":13}},{"start":{"line":50,"column":19},"end":{"line":53,"column":13}}],"line":47}},"s":{"0":1,"1":1,"2":0,"3":0,"4":0,"5":0,"6":0,"7":0,"8":0,"9":0,"10":1},"f":{"0":0},"b":{"0":[0,0]},"_coverageSchema":"1a1c01bbd47fc00a2c39e90264f33305004495a9","hash":"f934a656f9354bd914cec9ddff9833c6efa6f583"}
,"/Users/daraartemenko/Desktop/frontend/quiz_app/src/hooks/redux.ts": {"path":"/Users/daraartemenko/Desktop/frontend/quiz_app/src/hooks/redux.ts","statementMap":{"0":{"start":{"line":4,"column":30},"end":{"line":4,"column":62}},"1":{"start":{"line":4,"column":36},"end":{"line":4,"column":62}},"2":{"start":{"line":6,"column":63},"end":{"line":6,"column":74}}},"fnMap":{"0":{"name":"(anonymous_0)","decl":{"start":{"line":4,"column":30},"end":{"line":4,"column":31}},"loc":{"start":{"line":4,"column":36},"end":{"line":4,"column":62}},"line":4}},"branchMap":{},"s":{"0":1,"1":0,"2":1},"f":{"0":0},"b":{},"_coverageSchema":"1a1c01bbd47fc00a2c39e90264f33305004495a9","hash":"aef193b2f2c4c6077863f0f261ce30a9bc55631a"}
,"/Users/daraartemenko/Desktop/frontend/quiz_app/src/pages/quizConfigPage/QuizConfigPage.tsx": {"path":"/Users/daraartemenko/Desktop/frontend/quiz_app/src/pages/quizConfigPage/QuizConfigPage.tsx","statementMap":{"0":{"start":{"line":7,"column":40},"end":{"line":23,"column":1}},"1":{"start":{"line":8,"column":21},"end":{"line":8,"column":34}},"2":{"start":{"line":10,"column":28},"end":{"line":12,"column":5}},"3":{"start":{"line":11,"column":8},"end":{"line":11,"column":34}},"4":{"start":{"line":13,"column":4},"end":{"line":22,"column":6}}},"fnMap":{"0":{"name":"(anonymous_0)","decl":{"start":{"line":7,"column":40},"end":{"line":7,"column":41}},"loc":{"start":{"line":7,"column":46},"end":{"line":23,"column":1}},"line":7},"1":{"name":"(anonymous_1)","decl":{"start":{"line":10,"column":28},"end":{"line":10,"column":29}},"loc":{"start":{"line":10,"column":34},"end":{"line":12,"column":5}},"line":10}},"branchMap":{},"s":{"0":2,"1":0,"2":0,"3":0,"4":0},"f":{"0":0,"1":0},"b":{},"_coverageSchema":"1a1c01bbd47fc00a2c39e90264f33305004495a9","hash":"c5ec3e4904a8828ea5e03013c468cc820b6550d5"}
,"/Users/daraartemenko/Desktop/frontend/quiz_app/src/pages/quizQuestionPage/QuizQuestionPage.tsx": {"path":"/Users/daraartemenko/Desktop/frontend/quiz_app/src/pages/quizQuestionPage/QuizQuestionPage.tsx","statementMap":{"0":{"start":{"line":20,"column":42},"end":{"line":131,"column":1}},"1":{"start":{"line":21,"column":38},"end":{"line":21,"column":53}},"2":{"start":{"line":22,"column":21},"end":{"line":22,"column":34}},"3":{"start":{"line":23,"column":23},"end":{"line":23,"column":66}},"4":{"start":{"line":23,"column":49},"end":{"line":23,"column":65}},"5":{"start":{"line":24,"column":68},"end":{"line":24,"column":78}},"6":{"start":{"line":25,"column":36},"end":{"line":25,"column":67}},"7":{"start":{"line":27,"column":21},"end":{"line":27,"column":37}},"8":{"start":{"line":28,"column":60},"end":{"line":30,"column":5}},"9":{"start":{"line":29,"column":19},"end":{"line":29,"column":37}},"10":{"start":{"line":32,"column":21},"end":{"line":42,"column":5}},"11":{"start":{"line":44,"column":4},"end":{"line":56,"column":11}},"12":{"start":{"line":45,"column":22},"end":{"line":54,"column":16}},"13":{"start":{"line":46,"column":12},"end":{"line":53,"column":15}},"14":{"start":{"line":47,"column":16},"end":{"line":51,"column":17}},"15":{"start":{"line":48,"column":20},"end":{"line":48,"column":44}},"16":{"start":{"line":49,"column":20},"end":{"line":49,"column":41}},"17":{"start":{"line":50,"column":20},"end":{"line":50,"column":29}},"18":{"start":{"line":52,"column":16},"end":{"line":52,"column":36}},"19":{"start":{"line":55,"column":8},"end":{"line":55,"column":42}},"20":{"start":{"line":55,"column":21},"end":{"line":55,"column":41}},"21":{"start":{"line":58,"column":4},"end":{"line":62,"column":25}},"22":{"start":{"line":59,"column":8},"end":{"line":61,"column":9}},"23":{"start":{"line":60,"column":12},"end":{"line":60,"column":41}},"24":{"start":{"line":63,"column":28},"end":{"line":63,"column":56}},"25":{"start":{"line":64,"column":35},"end":{"line":69,"column":12}},"26":{"start":{"line":70,"column":31},"end":{"line":72,"column":5}},"27":{"start":{"line":71,"column":8},"end":{"line":71,"column":40}},"28":{"start":{"line":73,"column":31},"end":{"line":80,"column":5}},"29":{"start":{"line":74,"column":8},"end":{"line":74,"column":32}},"30":{"start":{"line":75,"column":8},"end":{"line":79,"column":9}},"31":{"start":{"line":76,"column":12},"end":{"line":76,"column":36}},"32":{"start":{"line":78,"column":12},"end":{"line":78,"column":41}},"33":{"start":{"line":82,"column":26},"end":{"line":84,"column":5}},"34":{"start":{"line":83,"column":8},"end":{"line":83,"column":27}},"35":{"start":{"line":85,"column":32},"end":{"line":87,"column":5}},"36":{"start":{"line":86,"column":8},"end":{"line":86,"column":28}},"37":{"start":{"line":88,"column":30},"end":{"line":90,"column":5}},"38":{"start":{"line":89,"column":8},"end":{"line":89,"column":32}},"39":{"start":{"line":91,"column":4},"end":{"line":130,"column":6}}},"fnMap":{"0":{"name":"(anonymous_0)","decl":{"start":{"line":20,"column":42},"end":{"line":20,"column":43}},"loc":{"start":{"line":20,"column":48},"end":{"line":131,"column":1}},"line":20},"1":{"name":"(anonymous_1)","decl":{"start":{"line":23,"column":38},"end":{"line":23,"column":39}},"loc":{"start":{"line":23,"column":49},"end":{"line":23,"column":65}},"line":23},"2":{"name":"(anonymous_2)","decl":{"start":{"line":29,"column":8},"end":{"line":29,"column":9}},"loc":{"start":{"line":29,"column":19},"end":{"line":29,"column":37}},"line":29},"3":{"name":"(anonymous_3)","decl":{"start":{"line":44,"column":14},"end":{"line":44,"column":15}},"loc":{"start":{"line":44,"column":20},"end":{"line":56,"column":5}},"line":44},"4":{"name":"(anonymous_4)","decl":{"start":{"line":45,"column":34},"end":{"line":45,"column":35}},"loc":{"start":{"line":45,"column":40},"end":{"line":54,"column":9}},"line":45},"5":{"name":"(anonymous_5)","decl":{"start":{"line":46,"column":24},"end":{"line":46,"column":25}},"loc":{"start":{"line":46,"column":38},"end":{"line":53,"column":13}},"line":46},"6":{"name":"(anonymous_6)","decl":{"start":{"line":55,"column":15},"end":{"line":55,"column":16}},"loc":{"start":{"line":55,"column":21},"end":{"line":55,"column":41}},"line":55},"7":{"name":"(anonymous_7)","decl":{"start":{"line":58,"column":14},"end":{"line":58,"column":15}},"loc":{"start":{"line":58,"column":20},"end":{"line":62,"column":5}},"line":58},"8":{"name":"(anonymous_8)","decl":{"start":{"line":70,"column":31},"end":{"line":70,"column":32}},"loc":{"start":{"line":70,"column":51},"end":{"line":72,"column":5}},"line":70},"9":{"name":"(anonymous_9)","decl":{"start":{"line":73,"column":31},"end":{"line":73,"column":32}},"loc":{"start":{"line":73,"column":37},"end":{"line":80,"column":5}},"line":73},"10":{"name":"(anonymous_10)","decl":{"start":{"line":82,"column":26},"end":{"line":82,"column":27}},"loc":{"start":{"line":82,"column":32},"end":{"line":84,"column":5}},"line":82},"11":{"name":"(anonymous_11)","decl":{"start":{"line":85,"column":32},"end":{"line":85,"column":33}},"loc":{"start":{"line":85,"column":38},"end":{"line":87,"column":5}},"line":85},"12":{"name":"(anonymous_12)","decl":{"start":{"line":88,"column":30},"end":{"line":88,"column":31}},"loc":{"start":{"line":88,"column":36},"end":{"line":90,"column":5}},"line":88}},"branchMap":{"0":{"loc":{"start":{"line":25,"column":45},"end":{"line":25,"column":66}},"type":"cond-expr","locations":[{"start":{"line":25,"column":52},"end":{"line":25,"column":62}},{"start":{"line":25,"column":65},"end":{"line":25,"column":66}}],"line":25},"1":{"loc":{"start":{"line":40,"column":18},"end":{"line":40,"column":73}},"type":"binary-expr","locations":[{"start":{"line":40,"column":18},"end":{"line":40,"column":36}},{"start":{"line":40,"column":40},"end":{"line":40,"column":49}},{"start":{"line":40,"column":53},"end":{"line":40,"column":64}},{"start":{"line":40,"column":68},"end":{"line":40,"column":73}}],"line":40},"2":{"loc":{"start":{"line":47,"column":16},"end":{"line":51,"column":17}},"type":"if","locations":[{"start":{"line":47,"column":16},"end":{"line":51,"column":17}},{"start":{},"end":{}}],"line":47},"3":{"loc":{"start":{"line":59,"column":8},"end":{"line":61,"column":9}},"type":"if","locations":[{"start":{"line":59,"column":8},"end":{"line":61,"column":9}},{"start":{},"end":{}}],"line":59},"4":{"loc":{"start":{"line":64,"column":35},"end":{"line":69,"column":12}},"type":"cond-expr","locations":[{"start":{"line":65,"column":10},"end":{"line":68,"column":18}},{"start":{"line":69,"column":10},"end":{"line":69,"column":12}}],"line":64},"5":{"loc":{"start":{"line":67,"column":18},"end":{"line":67,"column":57}},"type":"binary-expr","locations":[{"start":{"line":67,"column":18},"end":{"line":67,"column":51}},{"start":{"line":67,"column":55},"end":{"line":67,"column":57}}],"line":67},"6":{"loc":{"start":{"line":75,"column":8},"end":{"line":79,"column":9}},"type":"if","locations":[{"start":{"line":75,"column":8},"end":{"line":79,"column":9}},{"start":{"line":77,"column":15},"end":{"line":79,"column":9}}],"line":75},"7":{"loc":{"start":{"line":93,"column":13},"end":{"line":128,"column":13}},"type":"binary-expr","locations":[{"start":{"line":93,"column":13},"end":{"line":93,"column":17}},{"start":{"line":93,"column":21},"end":{"line":93,"column":36}},{"start":{"line":94,"column":16},"end":{"line":127,"column":19}}],"line":93}},"s":{"0":0,"1":0,"2":0,"3":0,"4":0,"5":0,"6":0,"7":0,"8":0,"9":0,"10":0,"11":0,"12":0,"13":0,"14":0,"15":0,"16":0,"17":0,"18":0,"19":0,"20":0,"21":0,"22":0,"23":0,"24":0,"25":0,"26":0,"27":0,"28":0,"29":0,"30":0,"31":0,"32":0,"33":0,"34":0,"35":0,"36":0,"37":0,"38":0,"39":0},"f":{"0":0,"1":0,"2":0,"3":0,"4":0,"5":0,"6":0,"7":0,"8":0,"9":0,"10":0,"11":0,"12":0},"b":{"0":[0,0],"1":[0,0,0,0],"2":[0,0],"3":[0,0],"4":[0,0],"5":[0,0],"6":[0,0],"7":[0,0,0]}}
,"/Users/daraartemenko/Desktop/frontend/quiz_app/src/pages/quizResultsPage/QuizResultsPage.tsx": {"path":"/Users/daraartemenko/Desktop/frontend/quiz_app/src/pages/quizResultsPage/QuizResultsPage.tsx","statementMap":{"0":{"start":{"line":4,"column":41},"end":{"line":6,"column":1}},"1":{"start":{"line":5,"column":4},"end":{"line":5,"column":27}}},"fnMap":{"0":{"name":"(anonymous_0)","decl":{"start":{"line":4,"column":41},"end":{"line":4,"column":42}},"loc":{"start":{"line":4,"column":47},"end":{"line":6,"column":1}},"line":4}},"branchMap":{},"s":{"0":0,"1":0},"f":{"0":0},"b":{}}
,"/Users/daraartemenko/Desktop/frontend/quiz_app/src/pages/statisticPage/StatisticPage.tsx": {"path":"/Users/daraartemenko/Desktop/frontend/quiz_app/src/pages/statisticPage/StatisticPage.tsx","statementMap":{"0":{"start":{"line":6,"column":39},"end":{"line":21,"column":1}},"1":{"start":{"line":7,"column":21},"end":{"line":7,"column":34}},"2":{"start":{"line":8,"column":23},"end":{"line":10,"column":5}},"3":{"start":{"line":9,"column":8},"end":{"line":9,"column":35}},"4":{"start":{"line":11,"column":4},"end":{"line":20,"column":6}}},"fnMap":{"0":{"name":"(anonymous_0)","decl":{"start":{"line":6,"column":39},"end":{"line":6,"column":40}},"loc":{"start":{"line":6,"column":45},"end":{"line":21,"column":1}},"line":6},"1":{"name":"(anonymous_1)","decl":{"start":{"line":8,"column":23},"end":{"line":8,"column":24}},"loc":{"start":{"line":8,"column":29},"end":{"line":10,"column":5}},"line":8}},"branchMap":{},"s":{"0":0,"1":0,"2":0,"3":0,"4":0},"f":{"0":0,"1":0},"b":{}}
,"/Users/daraartemenko/Desktop/frontend/quiz_app/src/services/IQuestion.ts": {"path":"/Users/daraartemenko/Desktop/frontend/quiz_app/src/services/IQuestion.ts","statementMap":{},"fnMap":{},"branchMap":{},"s":{},"f":{},"b":{}}
,"/Users/daraartemenko/Desktop/frontend/quiz_app/src/services/getQuestions.ts": {"path":"/Users/daraartemenko/Desktop/frontend/quiz_app/src/services/getQuestions.ts","statementMap":{"0":{"start":{"line":4,"column":23},"end":{"line":30,"column":2}},"1":{"start":{"line":7,"column":29},"end":{"line":29,"column":5}},"2":{"start":{"line":17,"column":75},"end":{"line":25,"column":13}},"3":{"start":{"line":27,"column":16},"end":{"line":27,"column":32}},"4":{"start":{"line":31,"column":40},"end":{"line":31,"column":47}}},"fnMap":{"0":{"name":"(anonymous_0)","decl":{"start":{"line":7,"column":15},"end":{"line":7,"column":16}},"loc":{"start":{"line":7,"column":29},"end":{"line":29,"column":5}},"line":7},"1":{"name":"(anonymous_1)","decl":{"start":{"line":17,"column":19},"end":{"line":17,"column":20}},"loc":{"start":{"line":17,"column":75},"end":{"line":25,"column":13}},"line":17},"2":{"name":"(anonymous_2)","decl":{"start":{"line":26,"column":31},"end":{"line":26,"column":32}},"loc":{"start":{"line":27,"column":16},"end":{"line":27,"column":32}},"line":27}},"branchMap":{},"s":{"0":2,"1":2,"2":0,"3":0,"4":2},"f":{"0":2,"1":0,"2":0},"b":{},"_coverageSchema":"1a1c01bbd47fc00a2c39e90264f33305004495a9","hash":"8aefca24fc25838268f8326929b7d0c6446844d4"}
,"/Users/daraartemenko/Desktop/frontend/quiz_app/src/store/store.ts": {"path":"/Users/daraartemenko/Desktop/frontend/quiz_app/src/store/store.ts","statementMap":{"0":{"start":{"line":19,"column":22},"end":{"line":24,"column":1}},"1":{"start":{"line":26,"column":20},"end":{"line":31,"column":2}},"2":{"start":{"line":32,"column":25},"end":{"line":32,"column":67}},"3":{"start":{"line":34,"column":21},"end":{"line":49,"column":2}},"4":{"start":{"line":37,"column":8},"end":{"line":48,"column":37}},"5":{"start":{"line":51,"column":23},"end":{"line":51,"column":42}}},"fnMap":{"0":{"name":"(anonymous_0)","decl":{"start":{"line":36,"column":16},"end":{"line":36,"column":17}},"loc":{"start":{"line":37,"column":8},"end":{"line":48,"column":37}},"line":37}},"branchMap":{},"s":{"0":0,"1":0,"2":0,"3":0,"4":0,"5":0},"f":{"0":0},"b":{}}
}
